Precision	Recall	Confidence
1.0	0.0006666666666666666	4.810432780872691
1.0	0.0013333333333333333	4.587184212424538
0.9259259259259259	0.0018518518518518517	4.50075947154652
0.9131944444444444	0.002435185185185185	4.424828616055575
0.876010101010101	0.0029200336700336703	4.3694771986741285
0.8966750841750842	0.0037867003367003365	4.368113623725043
0.8971500721500721	0.004386700336700336	4.296801249186198
0.9100063131313131	0.005053367003367003	4.234257062276204
0.9200056116722782	0.005720033670033669	4.19322021484375
0.9280050505050506	0.00609040404040404	4.1915537516276045
0.9345500459136823	0.006701515151515152	4.182755396916316
0.9330597643097643	0.00736818181818182	4.182436261858259
0.9242229992229992	0.008580303030303032	4.175630422738882
0.9058261183261183	0.009113636363636365	4.106969560895648
0.8954377104377104	0.009513636363636365	4.0945892333984375
0.8941603535353535	0.01056919191919192	4.09296380905878
0.9003862150920974	0.011235858585858589	4.051413672310965
0.8892536475869809	0.012502525252525255	4.045302943179482
0.8725260119996963	0.012883477633477634	4.020691611550071
0.8788997113997115	0.013550144300144302	4.008196830749512
0.8846663918092488	0.014083477633477637	3.9864542643229166
0.8728633739997375	0.014750144300144303	3.96613039289202
0.8783910533910534	0.015416810966810971	3.9628287421332464
0.8834580928330928	0.016083477633477637	3.962588766346807
0.8881197691197691	0.016750144300144303	3.9618914127349854
0.8786865911865913	0.017962265512265516	3.946208953857422
0.8811220672331784	0.01855875674033569	3.9351072765531994
0.8548377867343385	0.01922542340700236	3.92977054302509
0.8541209716209718	0.01989209007366903	3.923883819580078
0.8588267467299727	0.02055875674033569	3.9194676325871396
0.863238410894661	0.02122542340700236	3.9175872802734375
0.8635948226857318	0.02180875674033569	3.8945972736065206
0.8676067396655632	0.022475423407002357	3.8854562668573287
0.8691916020487449	0.023090808022386975	3.8850767612457275
0.8672696131029465	0.023624141355720312	3.884854933794807
0.8708569208569209	0.024290808022386975	3.8652882046169705
0.8742554229396335	0.02495747468905364	3.8590707778930664
0.8774796428642583	0.025624141355720303	3.8560072954963234
0.8698283660783662	0.02629080802238697	3.855541944503784
0.8730032839788939	0.026957474689053636	3.8545571899414064
0.8736460629317772	0.027624141355720305	3.8533147176106772
0.8765845265845263	0.028290808022386975	3.8528275923295454
0.8768641711823529	0.028883400614979564	3.841624305361793
0.8796005229338562	0.0292167339483129	3.8270132882254466
0.8782653337001163	0.029569675124783486	3.813124520438058
0.878491366789239	0.030162267717376078	3.812618842491737
0.8556215892950585	0.030521242076350437	3.808213806152344
0.8535091575091573	0.031021242076350437	3.8020129203796387
0.8563815269697621	0.03168790874301711	3.8009990345348013
0.8570066685451299	0.032280501335609696	3.79957419947574
0.8597046559310708	0.03294716800227636	3.792496999104818
0.8623027178582732	0.03361383466894303	3.792215585708618
0.8672204779347634	0.03474716800227636	3.7852482515222885
0.8695499432341536	0.035232016487124845	3.779791831970215
0.8717990821439096	0.03589868315379151	3.7781773228799143
0.8693494829088048	0.03656534982045818	3.775135040283203
0.8681936581936579	0.03709868315379151	3.774729111615349
0.8703544178954012	0.03776534982045818	3.7741735952871815
0.8724454756712818	0.03843201648712484	3.773863050672743
0.8744701506606266	0.03887646093156929	3.7694960094633556
0.8764315545565543	0.03943201648712484	3.7675048828125
0.8774779067086756	0.04009868315379151	3.7674938383556547
0.8763039990312714	0.040691275746384106	3.766107177734375
0.878150208000954	0.041357942413050776	3.7641607431265025
0.8788916965387551	0.041976990032098385	3.7573708926930145
0.8806468893425412	0.042643656698765055	3.7466535066303455
0.8823519337805049	0.04331032336543171	3.740766005082564
0.8804878220371175	0.04397699003209838	3.740382058279855
0.8821477133977131	0.04498679395366701	3.7362984105160364
0.8837621282826761	0.04565346062033367	3.734199741908482
0.88533291033291	0.04632012728700034	3.7303944637900903
0.8849570429570427	0.04689155585842891	3.7264073689778647
0.8864707660760289	0.04733600030287336	3.726218483664773
0.8717535669458744	0.047752666969540024	3.7255522075452303
0.8624597277722275	0.048286000302873354	3.720109638414885
0.8633861508861507	0.04895266696954002	3.7184219360351562
0.8650521734363193	0.049619333636206686	3.716879435947963
0.8654732315876889	0.05028600030287334	3.7154219777960527
0.8663306931164069	0.05091100030287334	3.7152256435818143
0.8649620967268021	0.051244333636206674	3.715078671773275
0.8665323049043976	0.05191100030287334	3.7123167514801025
0.8642349987177569	0.052577666969540006	3.709743227277483
0.8625310295764838	0.05313322252509557	3.709413528442383
0.8640756247497817	0.053799889191762235	3.7082569288170855
0.8655858955858953	0.0544665558584289	3.7081100940704346
0.8659640725574789	0.055133222525095574	3.7075782189002404
0.8630731587253324	0.055533222525095564	3.7029470963911577
0.8638734473411891	0.056199889191762234	3.701899478310033
0.8645032715511437	0.05662094182334118	3.7010562603290262
0.8635903716166873	0.05713946034185971	3.6978777105158027
0.8650113052456802	0.05780612700852637	3.6957006454467773
0.8629665151572368	0.058394510846910205	3.695387144346495
0.8623239996964486	0.05892784418024354	3.6936779022216797
0.8637146663661814	0.059594510846910205	3.693107843399048
0.8610775197025196	0.05988022513262449	3.6910670353816104
0.8615528997954739	0.0604862857386851	3.6898524944598856
0.8629102243072828	0.06115295240535176	3.681605577468872
0.8634943670137841	0.06176833702073638	3.6750213623046877
0.8627464816166737	0.06229214654454591	3.6737740256569604
0.8640536579822291	0.06295881321121258	3.6672686408547794
0.8653361706427741	0.06362547987787924	3.665416717529297
0.8665947111040566	0.0642921465445459	3.6633782637746712
0.8598682026434317	0.06470881321121257	3.658872331891741
0.861142128073946	0.06537547987787924	3.656468073527018
0.8578885953885951	0.06587547987787924	3.656463623046875
0.8573717329297684	0.06640881321121256	3.6544031943044355
0.8559790627268502	0.06707547987787922	3.65201168968564
0.8572424042818778	0.0676572980596974	3.65155029296875
0.8578148783583565	0.0681572980596974	3.650495317247179
0.8558078535449224	0.06857396472636408	3.646580287388393
0.8556907373877682	0.06913536823513601	3.642731439499628
0.8547950531726176	0.06963536823513601	3.641442616780599
0.8560152628098225	0.07030203490180267	3.637386745876736
0.8563818022864074	0.07090203490180266	3.6367572784423827
0.8575687295402387	0.07156870156846933	3.626541724571815
0.8560039585330782	0.07210203490180267	3.619463527903837
0.8571746580571995	0.07276870156846933	3.61769700050354
0.8574304179832616	0.073035368235136	3.617344731869905
0.8585709746393955	0.07370203490180266	3.616917763986895
0.859164326692522	0.07436870156846932	3.6168886072495403
0.8602732690020297	0.07476870156846932	3.615324232313368
0.8577591148571821	0.07519294399271174	3.614537102835519
0.8573113697807698	0.07583688338665115	3.6117673306851774
0.8568705130901485	0.07637021671998448	3.6101386126349952
0.8574541987408599	0.07703688338665114	3.6082996569181742
0.8585340911746413	0.07828132783109559	3.608062744140625
0.859597744624456	0.07894799449776226	3.599099939519709
0.8595794245686232	0.07961466116442892	3.597975969314575
0.8591380954977444	0.08020725375702152	3.5949711046720805
0.8601738447955551	0.08087392042368818	3.594795989990234
0.8611944736656606	0.08154058709035485	3.594647374646417
0.8622003108130109	0.08220725375702151	3.5936282021658763
0.8631916754834209	0.08287392042368819	3.593484317555147
0.8641688778013965	0.08354058709035485	3.5921544161709873
0.8637137793772731	0.08407392042368818	3.592083295186361
0.8632650907901092	0.08460725375702151	3.5876325719496784
0.8630557778009009	0.08523225375702151	3.5860294342041015
0.8626178904550613	0.08576558709035485	3.584407261439732
0.8627032843139919	0.08635649618126391	3.584284464518229
0.8628826377699843	0.08694908877385653	3.5833852291107178
0.8638154089416171	0.08741575544052319	3.5828369988335504
0.8633130999907312	0.08808242210718985	3.582571483793713
0.86423046173576	0.08874908877385652	3.5815607706705728
0.865135591990855	0.08941575544052319	3.5781166553497314
0.860644459514785	0.09036019988496763	3.5756735120500838
0.8604659554220956	0.09102686655163429	3.5725839788263496
0.8595167330770542	0.09158242210718984	3.571048554920015
0.8588101735088152	0.0917490887738565	3.5684636433919272
0.859715236499143	0.09241575544052319	3.568401112275965
0.8588716536378285	0.09300834803311578	3.561819763183594
0.8579565527558531	0.09348453850930624	3.5609024895562067
0.8571346419037579	0.09396938699415473	3.555353017953726
0.8580275503918594	0.09463605366082141	3.551183064778646
0.8578741701616823	0.09519160921637694	3.550333023071289
0.8578696558837884	0.09581859334336108	3.5471165974934897
0.8568539383158369	0.0964185933433611	3.5438715616861978
0.8562023899114721	0.0969185933433611	3.5421489079793296
0.8570738905786752	0.09758526001002778	3.541893550327846
0.8563284655350285	0.09814936257413033	3.5389333264581087
0.8520864599929449	0.09851973294450071	3.538466135660807
0.8516937252338995	0.0990838355086033	3.5340636758243336
0.8511655548613754	0.09964523901737522	3.5338506390971522
0.8515042996229515	0.10025129962343582	3.53285813331604
0.8504296622220429	0.10078463295676915	3.5301312764485675
0.850138161284343	0.1012290774012136	3.52944330068735
0.8486048002041647	0.10181241073454693	3.528621196746826
0.8489504351120891	0.10247907740121358	3.528119894174429
0.8498086712762251	0.10314574406788025	3.5280706787109377
0.8502226162016527	0.10376112868326487	3.5253285725911456
0.8503618149870367	0.10442779534993153	3.524145981361126
0.8511977825010756	0.10509446201659821	3.5239149948646284
0.8520244614871808	0.10576112868326489	3.5177721769913384
0.8524473729075357	0.10638017630231252	3.5172436237335205
0.8532581016278239	0.10704684296897916	3.516209466116769
0.8540599699249396	0.10746350963564584	3.5147001478407116
0.854853122262304	0.10808255725469344	3.5142276287078857
0.8542863486284538	0.10867779534993154	3.5138975779215493
0.8550697553562578	0.1092492239213601	3.511067581176758
0.8552506063377157	0.10984181651395271	3.509362538655599
0.8560205499210257	0.11050848318061937	3.509081033559946
0.8567823459531898	0.11117514984728602	3.508284568786621
0.855430859921857	0.11184181651395268	3.50777530670166
0.8561877664144129	0.11250848318061935	3.5050501669606855
0.8547046456071948	0.11317514984728602	3.503929431621845
0.8531546503219531	0.11384181651395268	3.503391647338867
0.853911585114108	0.11439737206950824	3.5016555786132812
0.8542334060451467	0.11500848318061935	3.5003463081691577
0.8549771131571613	0.11567514984728602	3.4996645310345817
0.853867400076991	0.11625848318061938	3.4978128160749162
0.8534831090552778	0.11677700169913788	3.496856689453125
0.8532143497132916	0.11698212990426608	3.4949120112827847
0.8539482779647252	0.11764879657093275	3.4933433532714844
0.8546749034474875	0.11831546323759941	3.49330202738444
0.8532726938830375	0.11853293204330352	3.492895202636719
0.8533797249476531	0.11911626537663686	3.4861697242373513
0.854098451786145	0.11942395768432917	3.485236061943902
0.8539493345177477	0.12009062435099584	3.4840526580810547
0.8543886311678773	0.12063030689067837	3.482513427734375
0.8540185304268624	0.12090481669459995	3.4821380615234374
0.8537082186662068	0.12152981669459995	3.481246601451527
0.8544081793424451	0.12219648336126661	3.4794726164444634
0.8541490927741477	0.1223869595517428	3.4794062564247534
0.8536554951780618	0.1227619595517428	3.478762419327446
0.8534024032196748	0.12320640399618725	3.4777960008190525
0.8520040612118619	0.12368259447237771	3.4774068196614585
0.8526956310192831	0.12434926113904438	3.4759461539132253
0.8533807676191935	0.12501592780571105	3.4754831414473686
0.8540595603616972	0.12563815002793327	3.4707374572753906
0.8547320969498922	0.12630481669459995	3.470367193222046
0.8538694114898774	0.1267492611390444	3.4700997488839285
0.855197871385424	0.12808259447237771	3.4685816764831543
0.8558530846370737	0.1287492611390444	3.464318411690848
0.856092894657136	0.129355321745105	3.4638166427612305
0.8560976030090899	0.12997070636048963	3.4634076073056175
0.8541139740040599	0.13043737302715627	3.4633441162109375
0.854127435706899	0.13110403969382292	3.461144166834214
0.8532979632775174	0.13151429610407933	3.4601247310638428
0.8530631704877487	0.13184762943741266	3.459494850852273
0.8527329713969156	0.132430962770746	3.4575729370117188
0.8528908574995006	0.1329950653348486	3.456860065460205
0.8531681436263144	0.13355916789895114	3.4563864003057065
0.852937978502391	0.13400361234339558	3.4546797616141185
0.8528534757214898	0.13417027901006223	3.4541254458220108
0.8522587642990187	0.13505916789895114	3.4537937457744894
0.8528901371011597	0.13572583456561782	3.452396665300642
0.8535161365177505	0.13639250123228447	3.451824460710798
0.8535315039780264	0.13689250123228447	3.4507488674587674
0.8541495145097647	0.13725613759592084	3.4475950583433495
0.85476233167569	0.1379228042625875	3.4432675978716683
0.8527675173732644	0.13858947092925417	3.4387536299856087
0.8553700206644946	0.13858947092925417	3.4401819864908854
0.8521929040824447	0.13906566140544466	3.4374705227938565
0.852597065635823	0.1397323280721113	3.4373348070227583
0.8525177910172943	0.13995455029433354	3.4346771240234375
0.8525757782125785	0.14049621696100023	3.4331512451171875
0.8526332920430033	0.1411152645800478	3.430332632625804
0.8532323437013651	0.14178193124671448	3.42860440854673
0.8533204718645175	0.14204119050597375	3.428373064313616
0.8504825564278548	0.14270785717264042	3.4259613037109373
0.8539119215747413	0.14270785717264042	3.427476965862772
0.850716989838507	0.1433805844453677	3.425635361089939
0.8513117428670388	0.14393614000092322	3.4240811665852866
0.8515710878027516	0.1446028066675899	3.423023826197574
0.8521577633450331	0.1450028066675899	3.421137491861979
0.8527398193948559	0.14566947333425656	3.4181173916520744
0.8530722122599741	0.14629447333425658	3.4159794469033518
0.8536461489308336	0.14696114000092322	3.415591606727013
0.8542156191684568	0.1476278066675899	3.4136695861816406
0.8547806749081139	0.14829447333425658	3.4131544769787396
0.8549552668968857	0.14864741451072716	3.4116314303490425
0.8548721056139489	0.14916023502354764	3.4115970611572264
0.8554281511863092	0.14982690169021431	3.41072760687934
0.8553438198204583	0.150493568356881	3.4099662780761717
0.8554713676115929	0.15116023502354764	3.409632978768184
0.8560188245524581	0.1517898646531773	3.409506607055664
0.8565621497428262	0.15245653131984396	3.4082164764404297
0.8571013897813871	0.15312319798651064	3.4056789875030518
0.8574162777244839	0.15378986465317732	3.4039704459054128
0.8576090935131645	0.15445653131984396	3.403314208984375
0.8579835330663992	0.15512319798651064	3.40328862116887
0.8585095199809681	0.15556764243095508	3.402182079496838
0.8587477760809533	0.15618302704633968	3.400870666503906
0.8592670857277146	0.15684969371300636	3.3991711524225052
0.859782590908199	0.157516360379673	3.3975926060830393
0.8599293697734975	0.15818302704633969	3.396932601928711
0.8592265963076545	0.15856397942729208	3.396615437098912
0.8592190465280719	0.15913540799872064	3.392959231422061
0.8592115512595333	0.1597068365701492	3.3920507016389267
0.8589471726064929	0.16001239212570476	3.3916879381452287
0.8594527382960754	0.1604568365701492	3.3915271759033203
0.8584240805572628	0.16112350323681585	3.39109127338116
0.8587185730484762	0.161750954217208	3.3901134290193258
0.8561834594580275	0.16231505678131058	3.3870643615722655
0.8563697532947631	0.16292111738737117	3.3863792419433594
0.8547684559147815	0.16358778405403784	3.3810903375799004
0.854227307467527	0.16410630257255635	3.3801597595214843
0.8547352262568387	0.16477296923922302	3.378205340841542
0.8516511825394274	0.16520154066779444	3.376402341402494
0.8512222913143699	0.16586820733446112	3.3753614879789806
0.8515526903856354	0.1664682073344611	3.3740386962890625
0.8520610715829449	0.1672682073344611	3.3738808009935464
0.8523763731968066	0.16793487400112778	3.372876739501953
0.8528784943764094	0.16818884225509603	3.3714762148649795
0.85300056351035	0.1691666200328738	3.3712828954060874
0.8534971832282205	0.16983328669954048	3.3705027103424072
0.8521539114144738	0.17024995336620716	3.37
0.8526500392285192	0.17091662003287383	3.3694113026494565
0.8531428484618687	0.1715832866995405	3.36874272273137
0.8536440350406697	0.17186900098525482	3.368108476911272
0.8531561818241385	0.17186900098525482	3.3686874389648436
0.8532255870017028	0.1723538494701033	3.3671749877929686
0.8532385152859973	0.17302051613676997	3.3671662466866628
0.8510897043804513	0.1731038494701033	3.365978513445173
0.8515779348578925	0.17377051613676997	3.3654855346679686
0.8520629742864614	0.17443718280343665	3.36125
0.8525448538490462	0.1751038494701033	3.3602041947214225
0.8530236043235623	0.17577051613676997	3.3601977825164795
0.8534992560895055	0.17631218280343663	3.359755379813058
0.8535686133279264	0.1769788494701033	3.3592529296875
0.8535035481189407	0.17739551613676996	3.3588689168294272
0.8526910367467645	0.17757733431858813	3.3588644663492837
0.8531616724121104	0.1783738711151249	3.35805423443134
0.8519775771375359	0.17904053778179158	3.3549552330603967
0.8536293103980589	0.17904053778179158	3.355248286806304
0.8519591476091065	0.17970720444845825	3.3540751139322915
0.8507560847942326	0.1803738711151249	3.3536007220928488
0.8510288644017979	0.18104053778179158	3.3530767340409127
0.84779326733262	0.18133683407808787	3.352955627441406
0.8482674316088423	0.18200350074475455	3.352923583984375
0.8484563243960538	0.18267016741142122	3.3521790277390253
0.8489254998623198	0.18333683407808787	3.351641549004449
0.8493917791837324	0.1838553525966064	3.3512916564941406
0.8498551890939363	0.1846553525966064	3.3511227694424717
0.8500368937565036	0.18509979704105084	3.349627550910501
0.8504954965278905	0.18576646370771752	3.349400111607143
0.8500366687945738	0.18623313037438416	3.348957227623981
0.8497326059714899	0.18667757481882863	3.3480474031888523
0.8501879617109702	0.1873442414854953	3.347855277683424
0.8472178104786322	0.1878570619983158	3.3447999220628004
0.8476766158525703	0.1885237286649825	3.3411807105654763
0.8475338714937303	0.18890468104593489	3.340833452012804
0.8467096765681628	0.18928563342688726	3.3401933867355873
0.846624772227727	0.18958563342688725	3.3377311012961646
0.8465403717706175	0.1900471718884257	3.3369817426127772
0.8469943943393434	0.19071383855509236	3.3360620386460247
0.8462657973058941	0.19138050522175903	3.3358462940562856
0.8462977886583557	0.19178050522175902	3.3354415893554688
0.8462153371320316	0.19224204368329748	3.33396577835083
0.8465320918613105	0.19290871034996418	3.3330361048380532
0.8465630270370585	0.19348013892139274	3.3327225394870923
0.8445539660107568	0.19414680558805944	3.3315091451009113
0.8447809109733757	0.19476219020344404	3.3310946655273437
0.8430668449475158	0.19529552353677734	3.3306287129720054
0.8408403613348967	0.1957717140129678	3.3304468790690103
0.8412951031596541	0.1964383806796345	3.3285291622846556
0.8414306979907916	0.196923229164483	3.325910186767578
0.8418811789624087	0.19717963942089325	3.3245222611860794
0.8423291076339032	0.19784630608755993	3.324398858206613
0.8410795903807002	0.197948870190124	3.32272705078125
0.840923631776006	0.19847267971393354	3.322365417480469
0.8405679072886738	0.19913934638060019	3.321368273566751
0.8410144957836634	0.19980601304726686	3.320646351781385
0.8403412709351057	0.20042823526948908	3.320156363553779
0.8405538764942464	0.20103934638060023	3.319627685546875
0.8409967823928737	0.20170601304726687	3.3189837548040573
0.8408832178987107	0.2020393463806002	3.318313326154436
0.8399415515509242	0.20224447458572842	3.3177117740406707
0.8403824839157976	0.2029111412523951	3.317133483886719
0.8408209935753697	0.20357780791906177	3.3164400373186385
0.8412571004422864	0.20424447458572842	3.314596002752131
0.8416908242115698	0.2049111412523951	3.3135802810256547
0.841516674221287	0.2054296597709136	3.3131793975830077
0.8403169006500334	0.20596299310424696	3.312261308942522
0.8404485320544748	0.2066296597709136	3.3108348846435547
0.8378431106263798	0.20686775500900884	3.308028811500186
0.8353166953772662	0.20747886612011995	3.3072698841924253
0.8357570250687708	0.20799738463863848	3.306759105009191
0.8343704449317453	0.20866405130530513	3.3063961375843394
0.8344310098578388	0.2093307179719718	3.305648354923024
0.8325123894367599	0.20939738463863844	3.3053501674107144
0.8310658336068062	0.2098973846386384	3.304780960083008
0.8310318388431517	0.21027238463863843	3.3022899012411795
0.8303929005675584	0.21100571797197176	3.297835431780134
0.8300506619833917	0.2115849896806552	3.2963288830172632
0.8304955555384089	0.21218148090872543	3.295955476306734
0.8309381258894837	0.21267036979761433	3.2942655290876117
0.8284768517661245	0.21308703646428098	3.29409592239945
0.8286621448962641	0.21368703646428097	3.2935699462890624
0.8279974586599134	0.21406798884523334	3.2895128462049694
0.827796434281924	0.21473465551189996	3.288405418395996
0.8275964434482943	0.21523465551189996	3.286914280482701
0.8262070020182071	0.21542513170237615	3.286432833284945
0.8259207583155663	0.21598068725793174	3.284923685008082
0.8261826222703007	0.21659973487697937	3.2847859700520834
0.8266249056741931	0.21726640154364604	3.2843135710685485
0.826702362403809	0.21783783011507463	3.283724103655134
0.826719149671985	0.2185044967817413	3.28366435657848
0.8267682271883533	0.21917116344840795	3.283196233933972
0.8272045792609267	0.21976375604100057	3.2797698974609375
0.8276387386095173	0.22043042270766725	3.2795397440592446
0.8275694685879396	0.2210970893743339	3.278960918558055
0.8270005449164698	0.22143042270766725	3.2785720825195312
0.8271548799388448	0.2220970893743339	3.2754590264682113
0.827286335461385	0.2227347705337542	3.2748786381312778
0.8256661060779128	0.22316334196232565	3.274714543269231
0.8241087548633604	0.2237633419623256	3.274099176580256
0.8258496465567328	0.2237633419623256	3.274174185360179
0.8245409200848264	0.2244300086289923	3.274027310884916
0.8249709668493244	0.2247633419623256	3.2735805022410855
0.8253989106956585	0.2254300086289923	3.272956647370991
0.8257086229924518	0.2260649292639129	3.2705081442128057
0.8256460715983096	0.22644588164486532	3.2701890733506946
0.8254624646284109	0.2267315959305796	3.2665102822440013
0.8257919464611228	0.22737262157160523	3.2645933968680247
0.825469520726453	0.22783416003314372	3.2630190965605945
0.8252876664596421	0.22811987431885802	3.262813119327321
0.8257076480306527	0.22875691135589507	3.262283537122938
0.8251663826876533	0.22900691135589504	3.261045217514038
0.825332819193437	0.2296735780225617	3.2597415630634012
0.8257496859734049	0.23034024468922837	3.2596057256062827
0.8261645676734682	0.23105453040351412	3.2585631339780745
0.8265774784390895	0.23138786373684744	3.2579133406929346
0.8269884322816509	0.23153072087970458	3.257109698127298
0.8267219955960813	0.23182057595216837	3.256899969918387
0.8271306701347698	0.23215390928550173	3.255253655569894
0.8275374214991588	0.23282057595216837	3.253545907827524
0.8279422632327288	0.23318421231580475	3.253475824991862
0.8281323068998439	0.2334508789824714	3.25339592827691
0.8284322822087937	0.2340885601418917	3.2524868891789365
0.8288322069588898	0.23463757974973487	3.252320098876953
0.8292302715938691	0.23513757974973487	3.2499941045587715
0.8286984148152291	0.23580424641640155	3.2493695859555847
0.8287642584317282	0.23613757974973484	3.2492745971679686
0.8291597220381214	0.2368042464164015	3.2480102115207248
0.8295533632315819	0.2373042464164015	3.2462456647087548
0.8299451945804749	0.23771450282665793	3.2460174560546875
0.8298765129415289	0.23838116949332458	3.2456357744004993
0.8298081456350266	0.23891450282665794	3.2441134330553885
0.8301967115125721	0.23924783615999126	3.243358612060547
0.8302987691173271	0.2398311694933246	3.242780858820135
0.8306844537329696	0.24049783615999126	3.241655432659647
0.8310683892120332	0.24116450282665794	3.241289350721571
0.830796447650504	0.2418311694933246	3.2394236396340763
0.8311677819966213	0.2418311694933246	3.2406712973990093
0.8311775367323723	0.24241940478744226	3.237667581309443
0.8297310703576928	0.24291940478744226	3.2376270294189453
0.8301128392582361	0.2435860714541089	3.2365261170922257
0.8304929000205219	0.2440860714541089	3.235437665666853
0.8290207712899182	0.24466940478744223	3.232799377441406
0.8286599843907555	0.24505035716839466	3.2308059692382813
0.8290398957335698	0.24556317768121522	3.2285950272171586
0.8291852429600559	0.24615966890928534	3.228116927608367
0.828335925524039	0.2465406212902377	3.227646721733941
0.828714040225528	0.24715173240134883	3.225869571461397
0.8287765211418299	0.24772316097277744	3.2242226600646973
0.8291520112270451	0.2483898276394441	3.2241877113900532
0.8295258580296118	0.24905649430611077	3.224029804098195
0.8298980723133899	0.2497231609727774	3.223615947522615
0.8300507998246897	0.2503231609727774	3.223195145769817
0.8304202546076794	0.25098982763944405	3.222660867791427
0.8307881065499622	0.25165649430611076	3.2222770055135093
0.8306905441672009	0.2521148276394441	3.221282641092936
0.8308598754089368	0.2525910181156345	3.2210300586841725
0.831224401539521	0.2532576847823012	3.2195983160109747
0.8314798329340597	0.2536799070045234	3.219339370727539
0.8312562125356447	0.25435623550693887	3.2192767333984373
0.8316175482689732	0.2550229021736055	3.218901894309304
0.8316212144763757	0.25549909264979603	3.2171334160698786
0.8312694990226236	0.2561657593164627	3.2158429622650146
0.831273890159455	0.25683242598312933	3.2155225481305805
0.8293758369525647	0.25696575931646265	3.214580535888672
0.8297212916665474	0.25696575931646265	3.2150293986002603
0.8297365645700011	0.25763242598312935	3.2145279594089673
0.8298475695839388	0.25888732794391367	3.2139563126997515
0.8294163115427095	0.25910955016613585	3.211928367614746
0.8288409738200473	0.2598317723883581	3.2119262001731177
0.8288503917645196	0.26049843905502473	3.211439950125558
0.8274773212352314	0.2609746295312152	3.2103283789850052
0.827836743482658	0.2611511001194505	3.208956668251439
0.8275016705578846	0.26159554456389494	3.207761591131037
0.8261455559800052	0.2621140630824135	3.207403774919181
0.8263899751710474	0.2627807297490801	3.206790542602539
0.8265417484181173	0.2633807297490801	3.2031648055366846
0.8268986584007961	0.2640473964157468	3.2003069983588324
0.8272541026340594	0.2644395532784919	3.1996324327256946
0.8276080901286617	0.2651062199451586	3.1993484497070312
0.8279606298216501	0.2655062199451586	3.1993011474609374
0.8266247413091383	0.2659228866118253	3.1991461048955503
0.8267738780137944	0.26655446555919365	3.199109903971354
0.8270059319541078	0.2672211322258603	3.1987300672029195
0.8273561223752532	0.26762853963326777	3.198403810199938
0.8272559641033391	0.2678618729666011	3.198003896077474
0.8266878160818698	0.26843330153802963	3.1968825658162436
0.8260304965324093	0.268766634871363	3.196571111679077
0.8251750136076454	0.26911791692264503	3.1963882446289062
0.8255253642817784	0.2696091449928205	3.1962849010120737
0.8215879617063893	0.2698591449928205	3.1944722821635585
0.8232278578375398	0.2698591449928205	3.1954151276619203
0.8248743135532148	0.2698591449928205	3.1958815256754556
0.8212799670840439	0.2703924783261538	3.193506323772928
0.8216345703239566	0.2710591449928205	3.1934215000697543
0.8219877691946021	0.27172581165948717	3.1933123779296877
0.8219443151052849	0.27200651341387316	3.1918887183779763
0.8220489614265761	0.27258984674720643	3.191735117059005
0.8205821781893646	0.2726411287984885	3.1913788318634033
0.8209346689984228	0.27317446213182184	3.1910555609341325
0.8212857774905827	0.27384112879848854	3.1908927493625217
0.8213559479008612	0.2740835530409128	3.1898512969145902
0.8208678084936887	0.27425021970757946	3.1891844465925887
0.8198624862816509	0.27455180700916676	3.1882235504860104
0.8200504555639521	0.2752184736758334	3.1866142459032014
0.8194302027430916	0.27588514034250006	3.1865802341037326
0.8197794673412674	0.27635180700916673	3.186378690931532
0.8194838827839805	0.2767327593901191	3.186186766013121
0.8195908502545316	0.27704387050123025	3.1856049930348114
0.819937790927119	0.2781549816123413	3.184340390292081
0.8198035533245718	0.2786549816123413	3.1827134828309753
0.8198750845579402	0.2791549816123413	3.182533627464658
0.8200920219360959	0.2800267764841362	3.181205337112014
0.820117291614335	0.28036010981746956	3.1799175038057217
0.8193394771653217	0.2809434431508029	3.1794007041237573
0.8196829382353497	0.2815267764841362	3.1790666580200195
0.8200250958478063	0.2820267764841362	3.1787239632955413
0.8203659574087006	0.2826934431508029	3.1772217750549316
0.8207055302680414	0.2833124907698505	3.174916982650757
0.8198907818880806	0.2838958241031838	3.1742286682128906
0.8198533227884799	0.28448841669577646	3.1742193048650567
0.8196280345877497	0.2851550833624431	3.1713777021928267
0.8198491827404931	0.28582175002910976	3.1711934407552085
0.8192502142334884	0.2861550833624431	3.17102709683505
0.8193681632558117	0.2867433186565607	3.1703706938644935
0.819214196729706	0.28726183717507925	3.1698628301205845
0.8190853062330026	0.28792850384174595	3.1693558465866816
0.8190498316861011	0.2883094562226983	3.169071388244629
0.8193855462840861	0.2889471373821186	3.1687046931340146
0.8182048233773057	0.2894319858669671	3.1684464045933316
0.8181712351422923	0.28959865253363376	3.167308513934796
0.8183745504156423	0.2902653192003004	3.166007147894965
0.816944080243737	0.290836747771729	3.165961265563965
0.8162618464785368	0.2915215962565775	3.1657743181501115
0.8092010293066686	0.2917715962565775	3.1651632374730605
0.8095460545701285	0.2924382629232442	3.1632453070746527
0.8088280376952409	0.29302159625657753	3.162400081239898
0.8088721913810752	0.2936882629232442	3.161911357532848
0.8088889353141702	0.2940882629232442	3.1618334452311196
0.8090688311378268	0.2946943235293048	3.161754749439381
0.8080669156698379	0.2951109901959715	3.161539251154119
0.8084102664468149	0.2957776568626382	3.161476466966712
0.8087523909710169	0.2964443235293048	3.161204719543457
0.8090932957999456	0.2971109901959715	3.1610958392803488
0.8077732485679742	0.2976943235293048	3.1601344920970775
0.809210567515604	0.2976943235293048	3.1610373037832753
0.8069320430445085	0.29781553565051694	3.1599125217747046
0.8066837857411849	0.29821553565051695	3.1591055454351964
0.8068290244393258	0.2984822023171836	3.1578543980916343
0.8071697139905791	0.2987044245394058	3.1575654495594114
0.8075092039307366	0.29937109120607247	3.156828090122768
0.807847500584637	0.3000377578727391	3.1565589904785156
0.807683357099902	0.3004544245394058	3.1559896054475205
0.8080201638300248	0.30101852710350835	3.1557804652622767
0.8077387628854433	0.30144989965252794	3.155740235981188
0.8065324900584503	0.30211656631919465	3.155606269836426
0.8068689552931313	0.30278323298586135	3.1554957798549106
0.8058052847375224	0.3031361741623319	3.1520982825237773
0.8061412617535475	0.30380284082899855	3.1516330860279225
0.8064760782272029	0.3041361741623319	3.1514589521620007
0.806464912575087	0.30438892141507917	3.1493188266096444
0.8065633143841426	0.3048580572175483	3.148923635482788
0.8055116392061525	0.30530250166199274	3.1481810070219494
0.8055592790933566	0.30590856226805335	3.148144061748798
0.8049419887777174	0.30682522893472003	3.1479993547712053
0.8052748522780967	0.30721119384700074	3.1477210521698
0.8054172952706194	0.3078037864395934	3.146849412184495
0.8045845948937718	0.30847045310626003	3.145089649018787
0.8045390824708244	0.3089371197729267	3.144269590024595
0.8044466433479925	0.3094371197729267	3.143284459267893
0.8034181073907358	0.310054403723544	3.1431666056315106
0.8037496114254901	0.31072107039021063	3.1424281471653988
0.803926953677452	0.31138773705687733	3.1424126003099526
0.8027672435420692	0.312054403723544	3.1407743941905886
0.8041164321866776	0.312054403723544	3.1413690318231997
0.8030976166684644	0.31272107039021063	3.1401231827274447
0.8034268848680155	0.3129877370568773	3.1397072576707408
0.8037550536745798	0.31384487991402016	3.1394003790778084
0.8037790982820918	0.3141448799140201	3.1393519434435615
0.804026355942822	0.31481154658068683	3.138907538519965
0.8028904093610496	0.31521154658068684	3.1383674375472532
0.8032167497429021	0.3158782132473535	3.138145652977196
0.8024794375237284	0.31621154658068684	3.136402448018392
0.8028053790459665	0.31651457688371715	3.135892767655222
0.8023980482000186	0.3168849472540875	3.1358767422762783
0.8023767910224042	0.31747318254820517	3.134643249511719
0.802466718881387	0.3181398492148718	3.133980712890625
0.8014766477884856	0.31870395177897437	3.13220775828642
0.8012563700415544	0.3187399878150104	3.1304319381713865
0.8011727544297411	0.31889383396885657	3.1284144265311107
0.8014965773052626	0.3195605006355232	3.128395443870908
0.8017109460142513	0.3202271673021899	3.128383000691732
0.8014917182880378	0.32076050063552325	3.1273036003112793
0.801527435781517	0.3213827228577455	3.126273939344618
0.8018485887980518	0.32204938952441214	3.1255247786238387
0.8020218397193649	0.32332211679713946	3.124431864420573
0.8010508367520757	0.3236221167971394	3.1221034710223856
0.8010491445833927	0.32415545013047276	3.1220516204833983
0.8000826946810383	0.32447803077563403	3.1209163120814734
0.8004030749780239	0.3247088000064033	3.1204310099283856
0.8003531992888283	0.32518499048259375	3.1200060844421387
0.7999460129408502	0.32585165714926045	3.119677313442888
0.8000941965611313	0.3264468952444985	3.1190195719401044
0.800412517904187	0.32757510037270365	3.11834769413389
0.8004118620728607	0.32804568860799777	3.117644737506735
0.8002751539017701	0.3286012441635533	3.116858903751817
0.8003935767957451	0.32926791083022	3.1166305541992188
0.8007094097438531	0.32975913890039543	3.116611807686942
0.7972458285504955	0.33002580556706207	3.1159404631583922
0.797115592892309	0.3304924722337288	3.1158384050641743
0.7971201139065843	0.33115913890039544	3.113994432532269
0.7974376098159637	0.33165913890039544	3.1103017897832963
0.7974936968839597	0.332214694455951	3.11002934773763
0.7968735819122218	0.33278612302737953	3.109116264011549
0.7971899782020782	0.3330400912813478	3.108626047770182
0.7974139074281841	0.3335480277892843	3.1073147700383115
0.7974179230998795	0.33408136112261766	3.106974870730669
0.7977320038392596	0.3347480277892843	3.10637451171875
0.7979161132244414	0.33541469445595096	3.10538813273112
0.7979708539046714	0.3358908849321415	3.104432605561756
0.798111159514215	0.3365183359125336	3.103879928588867
0.798202117445846	0.33686616199949015	3.103753858996976
0.7985125757266988	0.3379494953328235	3.1035733904157365
0.7988220802186701	0.33861616199949013	3.1030654907226562
0.7988750115884777	0.3391717175550457	3.1023298783735798
0.79902987374531	0.33983838422171236	3.1022095931203744
0.7989549045193998	0.34033838422171236	3.1003992557525635
0.7992618435964693	0.341005050888379	3.0988685854019655
0.799377298103182	0.34167171755504566	3.0988076251486074
0.7993021423983068	0.34217171755504566	3.09856713336447
0.7991512272882788	0.3427635049946592	3.0979480085701776
0.7992392267266013	0.34299879911230624	3.0975716330788354
0.7990888642618641	0.3436487991123063	3.097533453078497
0.7983842416734699	0.34371546577897294	3.0974865475216427
0.7986887971996428	0.34438213244563953	3.0973218282063804
0.7989924340062798	0.34504879911230624	3.0970882068980825
0.7983153549156254	0.3455154657789729	3.0967059665256076
0.799106903232174	0.3455154657789729	3.0968796412150064
0.7986181847130495	0.3459321324456396	3.095597330729167
0.7987701814376176	0.3465321324456396	3.0951074299059416
0.7989644946818298	0.3471511800646872	3.0949878692626953
0.7988253584460442	0.3480998980134051	3.094701352326766
0.79912561910508	0.34838561229911935	3.094439697265625
0.7993007920522656	0.3487930197065268	3.0930838235994664
0.7986321896831402	0.34945968637319347	3.0918197631835938
0.7982710059771556	0.3497930197065268	3.091476772142493
0.7980757473134904	0.35023746415097123	3.0912177141974952
0.797951613931227	0.3507930197065268	3.090953432280442
0.7969159176450273	0.35130817122167834	3.0904323871319113
0.7960413494045412	0.35177483788834496	3.0903402792440877
0.7962281664246478	0.3519891236026306	3.0896783644153225
0.7961602836545676	0.35235275996626697	3.0891792297363283
0.7951303690448747	0.3527972044107115	3.0887267283904247
0.794741891553151	0.35346387107737814	3.0882603571965146
0.7949292419641347	0.35377156338507043	3.088152918322333
0.7952281789292016	0.35423823005173716	3.087227478027344
0.795526245626539	0.3549048967184038	3.087164742606027
0.795823445850919	0.35543823005173714	3.085795662619851
0.7960639611131649	0.3559011930147001	3.0854568481445312
0.7961984899939993	0.35649378560729267	3.0851871490478517
0.7964934270562367	0.35707711894062605	3.085033710186298
0.7967875116992191	0.3577437856072927	3.0848342433120264
0.7970807476130731	0.35838576091593466	3.0835913296403556
0.797253061617473	0.35899687202704583	3.08257810531124
0.797544783830973	0.3596635386937125	3.082449461284437
0.7978356677622505	0.36044131647149014	3.081736365029978
0.7981257170194065	0.36110798313815684	3.0805945560849946
0.7984149351898657	0.3614669574971312	3.0804948806762695
0.7974524309794332	0.3618479098780836	3.0799202919006348
0.7972158068943959	0.3625145765447502	3.0798669294877485
0.7961670319916279	0.3627251028605397	3.0798267565275492
0.7962671735181549	0.3634354058908427	3.0791921615600586
0.796353522005566	0.36410207255750937	3.0770596095493863
0.7953829236898514	0.36432429477973155	3.076823279971168
0.7956723396393707	0.3649909614463983	3.0759525299072266
0.7959609380297106	0.36565762811306496	3.075601577758789
0.7961782004584415	0.36629096144639833	3.0749173845563615
0.7961131607394859	0.3665986537540906	3.0748706940681703
0.7959310981599179	0.36710370425914113	3.0745094299316404
0.7951009969028073	0.36729978269051367	3.073920143975152
0.7949211168884709	0.36779978269051367	3.073810972016433
0.794741740035014	0.3684664493571803	3.0737216088079635
0.7950284135824511	0.3691331160238471	3.073322002704327
0.7946579580052173	0.3696785705693016	3.0704920698956744
0.79494394970716	0.37009523723596827	3.0701880984836154
0.7945337355907384	0.37031745945819045	3.0696261723836265
0.7945214863547987	0.3707841261248571	3.0696230801669033
0.7946677811032665	0.3713841261248571	3.0695684432983397
0.7947543116794987	0.3715487238260065	3.0691175914946056
0.7938338259056286	0.37216410844139114	3.067188262939453
0.7939342849963335	0.37278681906410177	3.0669581972319504
0.793605939638977	0.37315718943447207	3.0669381277901784
0.7938898379338339	0.37357385610113875	3.066873377019709
0.7939154013432655	0.37463446216174484	3.066084250425681
0.7929978219175545	0.3747297002569829	3.0655927658081055
0.7932813865450647	0.37546303359031624	3.064242819081182
0.7934664618419545	0.3761297002569829	3.0638929513784556
0.7937486114842469	0.3767963669236496	3.0637940437563005
0.7922670076382408	0.3769868431141258	3.062479073660714
0.7933478630374744	0.3769868431141258	3.0636685689290366
0.79022928576183	0.37757017644745905	3.0615218313116777
0.7913029668566152	0.37757017644745905	3.06240969798604
0.7889927608567461	0.37818128755857017	3.0613621303013394
0.7891739556705571	0.3787527161299987	3.0603690147399902
0.788828691672801	0.3794193827966654	3.0594719780815973
0.789113289123377	0.37981938279666544	3.0591863904680525
0.7892935901112014	0.3803527161299988	3.058856201171875
0.7885687331352454	0.3806860494633321	3.057561683654785
0.7877950904190651	0.3811012875585702	3.0567592752390893
0.7888525334934532	0.3811012875585702	3.057342529296875
0.7870974620070806	0.3817679542252369	3.056303024291992
0.7873820910685685	0.382238542460531	3.0561404020889946
0.7875324487573955	0.3829052091271977	3.0555301242404513
0.7878157388257188	0.3830846963066849	3.0550839459454573
0.7875276067785855	0.383398421796881	3.0546335220336913
0.7876201802498145	0.383898421796881	3.0545740542204483
0.7879022251631614	0.3845650884635477	3.0530745766379614
0.7871395702620668	0.38481508846354767	3.0523751395089285
0.7873266494397247	0.3854817551302143	3.0522419856144833
0.7873433909860396	0.3858627075111667	3.051493835449219
0.7875639741833474	0.3864990711475304	3.050208901459316
0.7878438635454247	0.3868912280102755	3.0497414438348067
0.7874158901852527	0.3875578946769422	3.0490110185411243
0.7880133672337422	0.3875578946769422	3.0490478515625
0.7876948719566632	0.38809122801027557	3.0479095458984373
0.787853975543995	0.3884615983806459	3.047071235124455
0.7881316535864767	0.38912826504731257	3.046343994140625
0.7884086056732917	0.3897949317139792	3.046280947598544
0.7885661543722705	0.39016530208434963	3.04623729777786
0.7887693855196919	0.3908319687510163	3.046206547663762
0.7868950592424424	0.39149863541768304	3.0449290556066178
0.787918329800625	0.39149863541768304	3.0453130933973522
0.7869552904669441	0.39203567245472004	3.0441830158233643
0.7860834785899274	0.39263567245472003	3.042820794241769
0.7862675715485599	0.3932547200737676	3.041980611866918
0.7863820650046263	0.3937213867404343	3.0411540137396917
0.7864732515924332	0.39395668085808133	3.0410471949084052
0.7866310606754429	0.39462334752474804	3.0402986798967633
0.7866716143483303	0.3951688020702026	3.0396848825307994
0.7867850012362014	0.3953809232823238	3.039503987630208
0.786915903656269	0.396457846359247	3.0391129713792067
0.7871247181202173	0.3971245130259137	3.0390088116681135
0.7869173975088104	0.3977305736319743	3.038734631660657
0.7867638205856403	0.3980861291875298	3.037915410222234
0.7870358055083627	0.3987527958541965	3.0372198486328124
0.7866276919556981	0.39941946252086313	3.036801338195801
0.7866447050702583	0.39988100098240154	3.036677837371826
0.7869158045555565	0.4012143343157349	3.035160700480143
0.7868236343902394	0.40188100098240154	3.034984485523121
0.7869127588804202	0.40245242955383015	3.034147201045867
0.7870016577389803	0.4028333819347825	3.033839331732856
0.7872709350364026	0.4030714771728777	3.0325293705381196
0.7866654064665236	0.40360605274223593	3.032277177019817
0.7869344286525685	0.40393938607556923	3.031886439169607
0.7868592879707299	0.4040797369527622	3.0313782464890253
0.7866556913820875	0.4044964036194289	3.0308795505099826
0.7867442430978674	0.40516307028609566	3.0307593572707403
0.7867329928277043	0.4058297369527623	3.0307047526041666
0.7870002447163913	0.40649640361942896	3.0304852440243675
0.7867304428724766	0.4069408480638735	3.0304740167433217
0.7858064384375059	0.40749640361942896	3.030078649520874
0.7867886964855528	0.40749640361942896	3.0301076377310405
0.7860735127037933	0.40816307028609566	3.0300137996673584
0.786339921778882	0.4089686258416512	3.029927968978882
0.7858949360908131	0.4093686258416512	3.0293922424316406
0.78612541265645	0.4100162448892702	3.029220374854835
0.7863907657424841	0.41068291155593684	3.028913463245739
0.786407629725455	0.41121624488927017	3.0280439376831056
0.7852875449383299	0.4114829115559368	3.0278347384545112
0.7862594354642437	0.4114829115559368	3.0279786644912345
0.7854403885977775	0.41208897216199747	3.0267304130222485
0.7855288010127528	0.4127556388286641	3.025453113374256
0.7847033919081704	0.41332706740009273	3.0224538732458046
0.7842000707878901	0.4139937340667594	3.019600608132102
0.7841581075108497	0.4144937340667594	3.018067238547585
0.7835647764967433	0.4147794483524736	3.017727363400343
0.7838296910909944	0.41526429683732213	3.0166520743534484
0.7840609175969626	0.4159129454859708	3.0155469454251804
0.7835105786662376	0.41602405659708197	3.0152509284741953
0.7833993556340931	0.41662405659708185	3.013792037963867
0.7836631810230894	0.41729072326374855	3.0124437285632624
0.7839263645011635	0.4179573899304152	3.0123893983902468
0.7825514184260973	0.4182604202334455	3.0101394653320312
0.782287844387826	0.4182604202334455	3.0109565488753782
0.7818799810728284	0.4189270869001122	3.0092364580203323
0.7816603192599387	0.41921280118582643	3.0089569091796875
0.7817513717784946	0.4193666473396726	3.0084270354240172
0.7820143219329784	0.4198110917841171	3.007998057774135
0.7813364028898703	0.420311091784117	3.007715308147928
0.7797984259045228	0.42097775845078367	3.0061971730199355
0.7807345584686338	0.42097775845078367	3.0074115132176598
0.7796629387677111	0.42160632987935515	3.0051886068808065
0.7797556180959111	0.4222729965460218	3.004655202229818
0.778661758795989	0.42262018269320795	3.003493245442708
0.7784488127187589	0.4228424049154301	3.001487038352273
0.7786667765864014	0.4237500972231225	3.00127038723085
0.7789299552111499	0.42441676388978916	3.0011890552662037
0.7781363952805053	0.42467073214375745	3.0003031855044155
0.7772561907946343	0.42503184325486854	2.9976719447544644
0.7781771104519738	0.42503184325486854	2.998704092843192
0.7770466681104798	0.4256985099215352	2.9973492092556424
0.7771787132353658	0.42623184325486857	2.9972443050808377
0.777441474186739	0.4264985099215352	2.9954757690429688
0.7777036161488278	0.42716517658820186	2.994812329610189
0.7775373338196687	0.42774850992153524	2.9938507080078125
0.7775376163625101	0.4282151765882019	2.992286863781157
0.7773292388785166	0.4287866051596304	2.9921531677246094
0.7774437415293037	0.4294532718262971	2.9920110457982774
0.7770017699350072	0.43011993849296376	2.991755398837003
0.7770026775465193	0.4306384570114823	2.991269221071337
0.777263188437236	0.431305123678149	2.991111472800926
0.777328614510627	0.43207691854994384	2.9905511765252974
0.7771510753328756	0.4322919723133847	2.9902474007955413
0.777313491620808	0.4329586389800513	2.9884705543518066
0.7772146476681182	0.4331808612022735	2.988290831100109
0.7762400031425375	0.4335141945356068	2.9874632699148997
0.7771415594760364	0.4335141945356068	2.9875581802860385
0.7762886031599643	0.4341808612022735	2.9865232898342993
0.775319480047786	0.4348475278689402	2.9853899819510326
0.7755789263756754	0.4355141945356069	2.9840811452557965
0.7758377742114588	0.43618086120227356	2.98390875922309
0.7755199887572982	0.4368475278689402	2.9831245967320035
0.7756139161087201	0.4375141945356069	2.983111677498653
0.7758718311476756	0.43818086120227356	2.983040549538352
0.7761291539592168	0.4388475278689402	2.9821347968522893
0.7763039730814786	0.4395141945356069	2.9816753680889425
0.7765602113711905	0.4404030834244958	2.980887004307338
0.7767014468272875	0.44065308342449583	2.979630364312066
0.7769566451737706	0.4413197500911625	2.979559834798177
0.7772112608756271	0.4419864167578291	2.978917767924647
0.777410998266169	0.4426213373927498	2.9771032025737147
0.7776386312149237	0.443231266470764	2.9762124820631377
0.7778916020554073	0.4438979331374307	2.9754578726632253
0.7781439979621625	0.44456459980409735	2.9751136779785154
0.7783248787817287	0.4452550759945735	2.9747374398367747
0.778328195245695	0.4458297886382516	2.9743172781808034
0.778579239192189	0.44605201086047386	2.973296124002208
0.7787758474650269	0.4472929921014551	2.9729104549326797
0.777985318302739	0.44795965876812177	2.972213549491687
0.778172983608423	0.4485892883977514	2.972041702270508
0.7784227888070622	0.44925595506441807	2.971060371398926
0.7786720320142533	0.44949669580515883	2.9709981873978015
0.7789207151243497	0.44975595506441807	2.970625196184431
0.7790191954291109	0.45042262173108477	2.9703699747721353
0.7783642469979183	0.45125112747821117	2.970260983421689
0.7780525289161736	0.4519177941448778	2.9687649536132814
0.7783007923066477	0.45247334970043335	2.9686930338541666
0.7776174022221337	0.4526955719226556	2.9675320216587613
0.7778655970857251	0.45304477827186196	2.9664042790730796
0.7781132385605459	0.4534892227163064	2.9660491943359375
0.7779891332466329	0.4539336671607508	2.965921297940341
0.7773749144683973	0.4545170004940841	2.964328553941515
0.7774988188844202	0.45518366716075076	2.964264221191406
0.7774430740546625	0.4556281116051953	2.9632362697435464
0.7770689686510541	0.45623922271630635	2.9629609244210378
0.7773158468696023	0.4569058893829731	2.962298857860076
0.7774616157437408	0.4574614449385286	2.961827431955645
0.7776338496858288	0.4579281116051953	2.9612259735932223
0.77714345176491	0.4580762597533435	2.9609408569335938
0.7770216471506891	0.4585207041977879	2.9608830538663
0.7772672180238711	0.45900555268263643	2.960128437389027
0.7772677796957677	0.45958888601596964	2.959359550476074
0.7775125403774207	0.45979401422109795	2.958774689705141
0.7769039602450141	0.4600162364433202	2.958418072394605
0.776516861863734	0.46056650099358476	2.958312101142351
0.7761782277706225	0.46099074341782714	2.958181554620916
0.7764225746835367	0.46165741008449385	2.957582535282258
0.7764240525495064	0.4621759286030123	2.9571600341796875
0.7763563637278683	0.46284259526967897	2.9570304022894964
0.7760975010235523	0.4632483923711283	2.955195109049479
0.7759060906963529	0.46391505903779495	2.954472203408518
0.776149406558789	0.46472665324069357	2.951739875637755
0.7763921946210897	0.4653933199073602	2.9512916847511574
0.7751239781619016	0.4657742722883126	2.951104164123535
0.7753670873746995	0.46644093895497923	2.948535203933716
0.7753396931118759	0.46694093895497923	2.9476782904730903
0.7750726360295305	0.46744760562164583	2.9473138204435023
0.7753150146544987	0.4677809389549792	2.9471400334284854
0.775556871474031	0.4680997795346894	2.9463846418592663
0.7757982081713708	0.4682267636616735	2.9425845675998263
0.7759413797083413	0.4688934303283402	2.942345338709214
0.7753770649232465	0.4694267636616736	2.9418853759765624
0.7749747315203277	0.4700934303283402	2.9418652442193802
0.7743379357893168	0.47067676366167355	2.941854036771334
0.7745790277382597	0.4713434303283402	2.9410229733115747
0.7738813505385036	0.4718831128680228	2.940927858705874
0.7737227974495382	0.4723803045652145	2.9407380569812864
0.7736262059940262	0.47302398272613405	2.940052427094558
0.7737850271598954	0.4735795382816896	2.939468738644622
0.7740251704431652	0.47424620494835623	2.939411481221517
0.7742255286536845	0.4749128716150229	2.9381769114527208
0.7744646965258735	0.4755795382816895	2.9379019056047713
0.7745710830903964	0.4762462049483562	2.9367849349975588
0.7746981082056341	0.4768426961764264	2.9365207447725186
0.7749360193902111	0.4775093628430931	2.9351798748147897
0.7743565967992938	0.47798555331928355	2.934976724477915
0.7744771571067566	0.47861323363117436	2.934933662414551
0.7743503106259356	0.479279900297841	2.9348612818224677
0.7744560350895638	0.4797984188163596	2.9348215563543913
0.7744303729331217	0.47995226497020577	2.93395838244208
0.7742300615708577	0.48047078348872424	2.9336915857651653
0.7743712771179991	0.4809836040015448	2.9302280650419346
0.7737174990290137	0.4815169373348781	2.929201809865124
0.7731466596149803	0.48205860400154477	2.9279516812028556
0.7731051874001036	0.4827252706682114	2.9256612843480605
0.7733412902227882	0.4833919373348781	2.9256413777669272
0.7735769021872135	0.48405860400154477	2.925555788237473
0.7738120248225332	0.4847252706682114	2.9248213857974648
0.7733659023901447	0.4853919373348781	2.9245067862577216
0.773140192186171	0.4856300325729734	2.924376463278746
0.7730792662256115	0.4861062230491638	2.924344084983648
0.7730036930444062	0.48677288971583044	2.924046746615706
0.7730906136684748	0.48734431828725905	2.923596518380301
0.772636787785776	0.4880109849539257	2.921543736611643
0.7712809129263549	0.48831098495392566	2.920405301180753
0.7714225470436874	0.48897765162059237	2.9203205455433237
0.771486110479303	0.48904857360640797	2.9201336296237246
0.7709005124777354	0.4897152402730746	2.9194119771321616
0.7710747969793839	0.4903819069397413	2.9176119290865383
0.7713088718290982	0.4910069069397413	2.9169838946798574
0.7706701462403313	0.4914382794887609	2.9144499642508372
0.771457347615449	0.4914382794887609	2.916454988367417
0.7701757977586534	0.49153351758399905	2.9139427911667597
0.7696261013237427	0.4920825371918422	2.913536376953125
0.7690786371586182	0.49249523560454056	2.9132509231567383
0.769177610819377	0.49295137595541777	2.91278076171875
0.7690315342126703	0.4936180426220844	2.912158203125
0.7688857533075968	0.49407915373319555	2.9115676879882812
0.7689930477936356	0.49459767225171414	2.910608927408854
0.7692263881493997	0.4952643389183808	2.9100881576538087
0.7693751674415462	0.4958703995244414	2.9095362345377604
0.7695301087274691	0.4961561138101556	2.909185456066597
0.7689104072240707	0.4967275423815841	2.9059548950195313
0.7691040032585574	0.4971779928320346	2.90561276390439
0.7687179705089157	0.49777799283203467	2.9054582015327783
0.7689499484722969	0.4980446594987013	2.9039669945126487
0.7691814615499801	0.49857799283203463	2.9033660888671875
0.7694125111380181	0.4992446594987013	2.9032488928900824
0.7696430986268802	0.4998721104790934	2.9007186889648438
0.7698732254014786	0.5002489220732963	2.90037929650509
0.7701028928411977	0.500915588739963	2.8980006342348843
0.7702922219609971	0.501555588739963	2.897284074263139
0.7701336750378398	0.5022222554066297	2.897266553795856
0.7696658803363097	0.5022991784835527	2.897188186645508
0.7698948406938283	0.5029658451502194	2.8967617404076362
0.7700206171421342	0.5036325118168861	2.8962011569883765
0.7694303329103802	0.5039981032147356	2.895177055807675
0.7701936566533468	0.5039981032147356	2.89575877942537
0.7695725241434004	0.5046344668510993	2.8946041531032987
0.7694200138478922	0.5052270594436918	2.894132080078125
0.7685084092947716	0.5055459000234019	2.8938801045320472
0.7685488584074236	0.5062125666900686	2.892888387044271
0.7684690073153966	0.5068792333567353	2.8927120409513774
0.768204766166464	0.5070330795105814	2.8921457106067288
0.7684326867503711	0.5074098911047843	2.8917352294921876
0.7684418666040326	0.5080765577714511	2.890481848465769
0.7686691071667372	0.5087432244381177	2.8897788006326426
0.7685037452969659	0.50896544666034	2.8890522850884333
0.7687304801203771	0.5096321133270066	2.8886002250339673
0.7674549025418995	0.5101962158911092	2.8877021244594028
0.7682051028376394	0.5101962158911092	2.8881851196289063
0.7665436844082896	0.5103073270022203	2.884411096572876
0.7672915319052733	0.5103073270022203	2.885735488519436
0.7667710031187003	0.510421612716506	2.8841466489045517
0.7659285586681941	0.5107549460498394	2.8838032867948886
0.7666736253595056	0.5107549460498394	2.8838035829605593
0.76615581249473	0.511421612716506	2.881989070347377
0.7662613839666069	0.5120438349387283	2.881963787656842
0.7657458730586367	0.5125771682720616	2.881953312800481
0.7659724244386575	0.5132438349387283	2.881714862325917
0.7661019196807457	0.5139105016053949	2.8811061128656914
0.7657761180484008	0.5143271682720615	2.880334966322955
0.7658091208275248	0.5144938349387281	2.8797799134865785
0.7659659245922106	0.5149553734002666	2.8796877474398226
0.7657099419891382	0.515258403703297	2.8794705621127425
0.7659352208910717	0.5158806259255192	2.879257865574049
0.7661600669805135	0.5165472925921858	2.878934805733817
0.7661788330253636	0.5171584037032969	2.878500556945801
0.7662831677971514	0.5177774513223445	2.8779641084892806
0.7657407509697596	0.5179107846556779	2.8774236951555525
0.7659649224999321	0.518146078773325	2.876316801030585
0.7661886654038519	0.5188127454399916	2.8761898538340693
0.7661732034502665	0.5193127454399916	2.875302723475865
0.7655190637355413	0.5197889359161821	2.8751039505004883
0.7648272422511845	0.520493697820944	2.87449951171875
0.7642338020045174	0.5209022999714816	2.873218536376953
0.7644574890993897	0.521485633304815	2.872939400050951
0.7642068184936083	0.5217078555270372	2.8715621203911015
0.7639844746926729	0.5223745221937038	2.871226840549045
0.7640500838304597	0.5229300777492595	2.8705551712601274
0.7642730988740982	0.5235967444159262	2.867774225050403
0.7639561001297142	0.5240411888603705	2.8658099290801258
0.763540603253898	0.5246522999714817	2.865144869176353
0.7629265908183916	0.5249856333048151	2.8648364497166052
0.7625784539905825	0.5256522999714818	2.8647244771321616
0.7625196396541252	0.5260967444159262	2.864280906883446
0.7613368339861913	0.5267931006912299	2.861186807805842
0.7611131571670594	0.5267931006912299	2.8624540816905886
0.7624955292931948	0.5267931006912299	2.8626766204833984
0.7613442183970842	0.5274597673578966	2.8609700356760333
0.761567261183629	0.5277931006912299	2.8599693298339846
0.7613541576095391	0.5278443827425119	2.8588218688964844
0.7615767749998287	0.5280666049647341	2.8584521900523794
0.7565527495060028	0.5281935890917183	2.857609430948893
0.7564695986430617	0.5286935890917183	2.8575605504653034
0.756694672951155	0.529360255758385	2.857447509765625
0.756803911480286	0.5299105587886879	2.857008777965199
0.7564132559653903	0.5305772254553546	2.8563248770577565
0.7560366779294374	0.5312438921220213	2.855347900390625
0.755424221587798	0.5312883365664657	2.8552215576171873
0.7555342269037246	0.5314438921220213	2.8551433086395264
0.7535996324598081	0.5318438921220212	2.8532682849514868
0.7537109068571868	0.5321267204048495	2.852390598606419
0.7538998162831417	0.5326600537381829	2.8522136211395264
0.7541249765610162	0.5333267204048495	2.8520433698381695
0.7537621044226084	0.5339933870715162	2.8509288242885042
0.752956881604319	0.5343267204048495	2.848696594238281
0.7530301509313281	0.5346600537381828	2.848480478922526
0.7532550779341227	0.5353267204048495	2.8463369516225963
0.7534037690976647	0.5359933870715162	2.8460753304617747
0.7532643111257578	0.5363933870715162	2.8456777845110213
0.753488412568877	0.5366017204048495	2.844049124882139
0.7537121072943135	0.536862589970067	2.8435240246000744
0.7535324549355296	0.537112589970067	2.8434066772460938
0.7537557045234502	0.5377186505761277	2.8427919175889755
0.7537523056958272	0.538350229523496	2.8426698254000757
0.7538153953034845	0.5388687480420146	2.8402567217426915
0.7533572447704456	0.5391586031144784	2.83960929283729
0.7530643810948829	0.539825269781145	2.8395655495779857
0.753286845616419	0.5404284443843196	2.83811769031343
0.7535089096617688	0.5407935237493989	2.837127685546875
0.7530533680451259	0.541293523749399	2.8360087076822915
0.7529486196324854	0.5416824126382879	2.835951188031365
0.7527217598839361	0.5418824126382877	2.834885460989816
0.7523979091562858	0.5424824126382877	2.834850169994213
0.7526195762026991	0.5431490793049544	2.834009104761584
0.7522620821063376	0.5438157459716211	2.831498810739228
0.7524834743475295	0.5444824126382877	2.8314908001873946
0.7522208402930526	0.5451009311568062	2.831478021083734
0.751906637937751	0.545158902171299	2.831005811691284
0.7520534828831421	0.5456477910601879	2.8288687429120465
0.7511601492837059	0.5461932456056424	2.826672429623811
0.7518290363267012	0.5461932456056424	2.8270233154296873
0.750936895817676	0.546711764124161	2.825769952002992
0.7511580886277847	0.5473784307908277	2.824741978799143
0.7512901577594371	0.5480450974574944	2.824275647179555
0.7512573524017475	0.5485450974574945	2.8240579458383412
0.7510688707242096	0.5490117641241611	2.823375296085439
0.7497407206433534	0.5490697351386538	2.8223828125
0.7487114637078253	0.5492697351386537	2.822143077850342
0.7487566916939736	0.549740323373948	2.82163143157959
0.748915118774923	0.5501736567072814	2.8213494342306387
0.7490007162462072	0.550840323373948	2.820649580522017
0.7490260258869562	0.5511736567072812	2.8204038066248738
0.7492465654072664	0.551840323373948	2.8198294206099077
0.7491568483380144	0.5524514344850591	2.8174022492908297
0.7493768861903496	0.5531181011517258	2.8170164199102494
0.7493043969532561	0.5531921752257998	2.8151831993689904
0.7492934842635101	0.5538588418924665	2.8148536682128906
0.7489625515987137	0.5548165138501384	2.814488728841146
0.7488906774634018	0.5550972156045244	2.8139860970633372
0.7482995237932144	0.5551805489378577	2.812633302476671
0.7485033976671026	0.5558353108426196	2.8116313013537177
0.7487224713625145	0.5559686441759529	2.8114209856305803
0.7488686368936757	0.5566353108426196	2.811288660222834
0.7485435337311594	0.5573019775092862	2.8112827169484107
0.7480155839233701	0.5576829298902386	2.8107945760091146
0.7486654671413747	0.5576829298902386	2.8109798946896114
0.7482341306849283	0.5580638822711911	2.809032351471657
0.7484522986826017	0.5587305489378578	2.808329189524931
0.7485835088136125	0.5592305489378577	2.807477242606027
0.7483684711762304	0.5598972156045243	2.807465584047379
0.7480457672253434	0.5601829298902387	2.8066605159214566
0.7482016615788374	0.5606390702411158	2.806467374165853
0.7476224738440179	0.5608057369077825	2.803471226846018
0.7476265694963108	0.5610057369077824	2.803339991076239
0.747840040676911	0.5610057369077824	2.8033679615367544
0.7478437583349542	0.5616421005441461	2.8010626220703125
0.7478342986160619	0.5623087672108128	2.800334930419922
0.7469796474596394	0.5623643227663683	2.7997808148784022
0.7471013534986011	0.5630309894330349	2.7991945133652796
0.7471668445510999	0.5636143227663682	2.797661949606503
0.7471198760988368	0.563961034026123	2.7968013286590576
0.7468840409365867	0.5642110340261229	2.7951352736529183
0.7469294391921966	0.5644161622312512	2.79496701558431
0.747038807732596	0.5648050511201401	2.792715072631836
0.7470036913035931	0.5650474753625644	2.7913788586128048
0.7465219797513286	0.5656308086958977	2.790470838546753
0.7471128100663351	0.5656308086958977	2.79117556980678
0.7467375222855537	0.5660308086958977	2.790452480316162
0.7469526985622864	0.5666974753625644	2.789212908063616
0.7467430612969534	0.5669196975847866	2.7875987865306713
0.7467963104472731	0.5675863642514533	2.78721194797092
0.7468805117487194	0.5680752531403421	2.785701904296875
0.7466329799475312	0.5683252531403421	2.785085916519165
0.7468473344484217	0.5689919198070088	2.7847598847888766
0.7464303625996912	0.5696585864736755	2.7843469892229353
0.7466443454160627	0.5703252531403421	2.784191676548549
0.7466499994254713	0.5735633483784374	2.7837640671502974
0.7461510086779095	0.5736650432936916	2.779576727684508
0.7467790819175374	0.5736650432936916	2.7834324990549395
0.746364327158012	0.5741450432936915	2.7780911675814925
0.7464723336003647	0.5747537389458655	2.775455838158017
0.7460325264599469	0.5748870722791989	2.7738165174211775
0.7459660001734478	0.5753870722791988	2.772770025791266
0.7436873440792348	0.576009294501421	2.7715054466610862
0.7461787589672724	0.576009294501421	2.771970476422991
0.7433546837307173	0.5766153551074817	2.770625130074923
0.7435440450236869	0.5772820217741483	2.769743389553494
0.7436881937511166	0.5778058312979578	2.7691453721788193
0.7437546173933909	0.5783891646312912	2.76826900906033
0.7438117623498386	0.5790558312979579	2.7681884765625
0.7439322583021135	0.5797224979646245	2.7676699502127513
0.7440410282122363	0.5801282950660738	2.7673819757276967
0.743976870366842	0.5803949617327404	2.7673804873511907
0.7437155568276578	0.5810616283994071	2.766446228027344
0.7433123879991587	0.5815177687502844	2.7657269069126675
0.742910550859606	0.5818881391206547	2.764722006661551
0.7431226708671476	0.5824335936661093	2.763719807500425
0.7433344411302415	0.583100260332776	2.7630267333984375
0.7435458625131655	0.5836558158883315	2.760506439208984
0.7435511745604797	0.5843224825549981	2.7603612099924395
0.7434096263671147	0.5844250466575622	2.7601893107096354
0.7436204648006668	0.5846726657051813	2.7592515687684753
0.7435810819674257	0.5852652582977739	2.7589569091796875
0.743367117684179	0.5859319249644406	2.75839580189098
0.7429627184073886	0.586376369408885	2.7583836146763394
0.7428405130688076	0.5869521269846427	2.7532540345803285
0.7429106693008064	0.587485460317976	2.752435811360677
0.7430663705796555	0.5879097027422184	2.751981561834162
0.7426695275256479	0.588576369408885	2.7513638305664063
0.7428794218751376	0.5892430360755517	2.7501172321598704
0.7430889740985482	0.5898620836945995	2.7472655098393277
0.7428910189079143	0.590058162125972	2.7469785136561238
0.7432187480551282	0.5907248287926387	2.746948496500651
0.7430098129437003	0.5907248287926387	2.7469740368071056
0.7428587003312817	0.5907989028667127	2.7468965491470025
0.743067418918675	0.5916750933429031	2.7444928076959427
0.742545871944694	0.5917195377873475	2.744127197265625
0.7425519125671051	0.5922195377873476	2.742094272520484
0.7427603725569293	0.59284022744252	2.7410861865894214
0.742529555463062	0.5932846718869644	2.7338643281356148
0.7429684952328541	0.5932846718869644	2.734286329481337
0.7426424984240583	0.59384022744252	2.733833704239283
0.7424971049628605	0.5943856819879745	2.733491587084393
0.7427047685878904	0.5944967930990855	2.7331395642510774
0.7428811051656103	0.5950715057427638	2.731696367263794
0.7427953423082818	0.5957381724094304	2.730472321205951
0.7426670542881894	0.5964048390760971	2.7281054480601163
0.7421236456164679	0.5965648390760971	2.727683327414773
0.7420630376012471	0.5972315057427637	2.7257200876871743
0.7419334887438548	0.5978981724094304	2.724774058272199
0.7419399574778213	0.5982618087730668	2.722137705485026
0.7420996021197367	0.5989284754397334	2.7210288212217133
0.7422411708281428	0.5995760944873525	2.7205425061677633
0.7415113116992638	0.6002427611540192	2.72013673328218
0.7415094100403846	0.6006083525518686	2.719612307664825
0.7416358989389956	0.601239931499237	2.7179182099133
0.7413102988069337	0.6016982648325704	2.7176304771786643
0.7406606539574534	0.6018521109864166	2.7166879691329657
0.7403366067652305	0.6018768023444413	2.7144486398407905
0.7393234596415391	0.6022423937422907	2.7123697068956165
0.7392036434912426	0.602575727075624	2.707797123835637
0.7391291249863545	0.6031817876816846	2.707625105574324
0.7387302057406385	0.603562740062637	2.707488441467285
0.7384458545848529	0.6042294067293037	2.7067227485852365
0.7382573598381454	0.604599777099674	2.704972585042318
0.7384348524156532	0.605241752408316	2.7038871502054147
0.7386412968888847	0.6054639746305382	2.7026830602575234
0.7388474157399187	0.6057435445230113	2.7025321324666343
0.7390293302820441	0.6061538009332678	2.7016313614383822
0.7388973611805847	0.6066243891685619	2.700243193527748
0.7391027920529839	0.6072077225018953	2.697946786880493
0.7393078999208668	0.6076179789121516	2.6963394709995816
0.7388450059562255	0.6082846455788183	2.6936579859533976
0.7380004213073913	0.6087290900232628	2.693142402462843
0.7381343997629775	0.6093957566899295	2.687990188598633
0.7383393024235698	0.6100624233565961	2.6857505104758523
0.738604345752544	0.6107290900232628	2.6765661239624023
0.7384601138703514	0.6107290900232628	2.6829280447452626
0.7384614505221013	0.6111457566899294	2.6761342490591655
0.7386654587510233	0.6115457566899295	2.6755379268101285
0.7382806048932155	0.6121171852613579	2.674428211558949
0.7384844361978158	0.612617185261358	2.6738824110764723
0.7380811426215621	0.6131459208935419	2.6729218332391036
0.7368407556452393	0.6134596463837381	2.6713985866970487
0.7364956594522326	0.6140429797170713	2.6686086943655303
0.736699768159086	0.614709646383738	2.667579832531157
0.7368605612521861	0.6150334559075475	2.6607440068171573
0.7369781392317969	0.6155667892408808	2.6595231395656778
0.737071002228637	0.6161983681882492	2.6570037841796874
0.73727403620375	0.616865034854916	2.6555085358796298
0.7370766654053531	0.6175317015215825	2.6554976872035434
0.7369055588901227	0.6181613311512122	2.65457270695613
0.7370532213475043	0.6186174715020895	2.652966635567801
0.7368357403876874	0.6190341381687561	2.652413392678285
0.7351728735092631	0.6190492896839076	2.6458981253884057
0.7357379564251041	0.6190492896839076	2.6518697535738034
0.7353761176585268	0.6197159563505743	2.6457549008456143
0.7354086342690478	0.620382623017241	2.645092668204472
0.7349437178028136	0.6208698025044204	2.64458480535769
0.7350955078682541	0.6212154815167661	2.6434184748951983
0.734718049001646	0.621935481516766	2.643321697528546
0.7348443148160068	0.6224809360622207	2.6414835188123913
0.7350467237359946	0.6226425522238368	2.6405804374001245
0.7348946776352915	0.6231981077793923	2.637204851422991
0.7350967396188013	0.6238344714157559	2.632990519205729
0.735108090159838	0.6243900269713115	2.631169182913644
0.7353096821764591	0.6248110796028905	2.6225482571509575
0.7355109675892526	0.62544070923252	2.6224218195134945
0.7354948389773199	0.625687622812767	2.618783021584535
0.7348213516141778	0.626062622812767	2.616369859227594
0.7350223968366083	0.6267292894794336	2.611548832484654
0.7348864371083651	0.6269673847175289	2.6069241841634114
0.7349789854959764	0.6271053157520117	2.6035532068323204
0.7350281693193531	0.6274016120483079	2.5977020263671875
0.7344213795368969	0.6279144325611284	2.5932970233992036
0.7346218162315861	0.6283492151698241	2.5915141105651855
0.7340957341959944	0.6283707205461682	2.5890320671929254
0.7342961142003682	0.6290373872128349	2.582052732768812
0.734496192427627	0.6293082205461682	2.5761079227223114
0.7330229379129024	0.629852438233243	2.5683302969302773
0.7329887871717825	0.6305191048999097	2.564022245861235
0.7324769003712646	0.6310191048999096	2.5599265098571777
0.7322808759213565	0.6316857715665763	2.557425326988345
0.7319336698287984	0.6318445017253065	2.5537695451216265
0.7311299022735875	0.6324903350586398	2.548636203342014
0.732133868731092	0.6324903350586398	2.5534270530523258
0.7312750557934478	0.633065047702318	2.539788564046224
0.7313262284994839	0.6332872699245402	2.533845110637386
0.7313232125015473	0.6334206032578735	2.5300585688376915
0.7315229721948547	0.6340872699245401	2.5291464063856335
0.7311401381018058	0.6343425890734763	2.527032528283461
0.7311276348200431	0.635009255740143	2.5208780500623913
0.72987420557914	0.6352092557401431	2.51616586221231
0.7299869857090195	0.6358475536124835	2.5108199823098105
0.7293810284630874	0.6360091697740997	2.4758741590711804
0.729565209429456	0.6360091697740997	2.48355554651331
0.7291708982388848	0.6365425031074331	2.4642035301695477
0.7290941326543315	0.6370980586629885	2.4577799151020665
0.7290223247122948	0.6373837729487027	2.4574495512863685
0.728150122673987	0.6377647253296551	2.441028594970703
0.7281778813554367	0.6383963042770235	2.3754411585190716
